{"/Users/alanwang/Documents/dev/credit-rewards-point-calculator/dist/constants/merchants.js": {"path":"/Users/alanwang/Documents/dev/credit-rewards-point-calculator/dist/constants/merchants.js","statementMap":{"0":{"start":{"line":2,"column":0},"end":{"line":2,"column":62}},"1":{"start":{"line":4,"column":0},"end":{"line":9,"column":34}},"2":{"start":{"line":5,"column":4},"end":{"line":5,"column":45}},"3":{"start":{"line":6,"column":4},"end":{"line":6,"column":35}},"4":{"start":{"line":7,"column":4},"end":{"line":7,"column":42}},"5":{"start":{"line":8,"column":4},"end":{"line":8,"column":29}},"6":{"start":{"line":10,"column":0},"end":{"line":10,"column":28}}},"fnMap":{"0":{"name":"(anonymous_0)","decl":{"start":{"line":4,"column":1},"end":{"line":4,"column":2}},"loc":{"start":{"line":4,"column":22},"end":{"line":9,"column":1}},"line":4}},"branchMap":{"0":{"loc":{"start":{"line":9,"column":3},"end":{"line":9,"column":32}},"type":"binary-expr","locations":[{"start":{"line":9,"column":3},"end":{"line":9,"column":12}},{"start":{"line":9,"column":17},"end":{"line":9,"column":31}}],"line":9}},"s":{"0":1,"1":1,"2":1,"3":1,"4":1,"5":1,"6":1},"f":{"0":1},"b":{"0":[1,1]},"inputSourceMap":null,"_coverageSchema":"1a1c01bbd47fc00a2c39e90264f33305004495a9","hash":"47b2944cc236229cf15b6cf8f1a1a786178bc3c2"}
,"/Users/alanwang/Documents/dev/credit-rewards-point-calculator/dist/constants/rules.js": {"path":"/Users/alanwang/Documents/dev/credit-rewards-point-calculator/dist/constants/rules.js","statementMap":{"0":{"start":{"line":2,"column":22},"end":{"line":4,"column":1}},"1":{"start":{"line":3,"column":4},"end":{"line":3,"column":62}},"2":{"start":{"line":5,"column":0},"end":{"line":5,"column":62}},"3":{"start":{"line":6,"column":20},"end":{"line":6,"column":59}},"4":{"start":{"line":7,"column":14},"end":{"line":102,"column":2}},"5":{"start":{"line":103,"column":0},"end":{"line":103,"column":24}}},"fnMap":{"0":{"name":"(anonymous_0)","decl":{"start":{"line":2,"column":56},"end":{"line":2,"column":57}},"loc":{"start":{"line":2,"column":71},"end":{"line":4,"column":1}},"line":2}},"branchMap":{"0":{"loc":{"start":{"line":2,"column":22},"end":{"line":4,"column":1}},"type":"binary-expr","locations":[{"start":{"line":2,"column":23},"end":{"line":2,"column":27}},{"start":{"line":2,"column":31},"end":{"line":2,"column":51}},{"start":{"line":2,"column":56},"end":{"line":4,"column":1}}],"line":2},"1":{"loc":{"start":{"line":3,"column":11},"end":{"line":3,"column":61}},"type":"cond-expr","locations":[{"start":{"line":3,"column":37},"end":{"line":3,"column":40}},{"start":{"line":3,"column":43},"end":{"line":3,"column":61}}],"line":3},"2":{"loc":{"start":{"line":3,"column":12},"end":{"line":3,"column":33}},"type":"binary-expr","locations":[{"start":{"line":3,"column":12},"end":{"line":3,"column":15}},{"start":{"line":3,"column":19},"end":{"line":3,"column":33}}],"line":3}},"s":{"0":1,"1":1,"2":1,"3":1,"4":1,"5":1},"f":{"0":1},"b":{"0":[1,1,1],"1":[1,0],"2":[1,1]},"inputSourceMap":null,"_coverageSchema":"1a1c01bbd47fc00a2c39e90264f33305004495a9","hash":"a348d658984a5dea52e0135d3dd47c05f60e4e45"}
,"/Users/alanwang/Documents/dev/credit-rewards-point-calculator/dist/utils/calculateMaxRewardPoints.js": {"path":"/Users/alanwang/Documents/dev/credit-rewards-point-calculator/dist/utils/calculateMaxRewardPoints.js","statementMap":{"0":{"start":{"line":2,"column":22},"end":{"line":4,"column":1}},"1":{"start":{"line":3,"column":4},"end":{"line":3,"column":62}},"2":{"start":{"line":5,"column":0},"end":{"line":5,"column":62}},"3":{"start":{"line":6,"column":16},"end":{"line":6,"column":62}},"4":{"start":{"line":7,"column":20},"end":{"line":7,"column":70}},"5":{"start":{"line":8,"column":16},"end":{"line":8,"column":32}},"6":{"start":{"line":9,"column":30},"end":{"line":120,"column":1}},"7":{"start":{"line":12,"column":30},"end":{"line":12,"column":39}},"8":{"start":{"line":14,"column":4},"end":{"line":18,"column":5}},"9":{"start":{"line":15,"column":22},"end":{"line":15,"column":47}},"10":{"start":{"line":16,"column":29},"end":{"line":16,"column":53}},"11":{"start":{"line":17,"column":8},"end":{"line":17,"column":130}},"12":{"start":{"line":30,"column":22},"end":{"line":30,"column":31}},"13":{"start":{"line":31,"column":4},"end":{"line":46,"column":5}},"14":{"start":{"line":32,"column":23},"end":{"line":32,"column":56}},"15":{"start":{"line":33,"column":8},"end":{"line":45,"column":9}},"16":{"start":{"line":34,"column":12},"end":{"line":34,"column":57}},"17":{"start":{"line":36,"column":27},"end":{"line":36,"column":185}},"18":{"start":{"line":37,"column":12},"end":{"line":37,"column":72}},"19":{"start":{"line":39,"column":13},"end":{"line":45,"column":9}},"20":{"start":{"line":40,"column":12},"end":{"line":40,"column":50}},"21":{"start":{"line":43,"column":27},"end":{"line":43,"column":165}},"22":{"start":{"line":44,"column":12},"end":{"line":44,"column":72}},"23":{"start":{"line":47,"column":16},"end":{"line":47,"column":18}},"24":{"start":{"line":48,"column":4},"end":{"line":59,"column":5}},"25":{"start":{"line":49,"column":27},"end":{"line":49,"column":36}},"26":{"start":{"line":50,"column":22},"end":{"line":50,"column":23}},"27":{"start":{"line":51,"column":8},"end":{"line":54,"column":9}},"28":{"start":{"line":52,"column":12},"end":{"line":52,"column":70}},"29":{"start":{"line":53,"column":12},"end":{"line":53,"column":41}},"30":{"start":{"line":56,"column":8},"end":{"line":56,"column":59}},"31":{"start":{"line":57,"column":8},"end":{"line":57,"column":48}},"32":{"start":{"line":58,"column":8},"end":{"line":58,"column":47}},"33":{"start":{"line":61,"column":16},"end":{"line":69,"column":5}},"34":{"start":{"line":70,"column":21},"end":{"line":70,"column":46}},"35":{"start":{"line":73,"column":26},"end":{"line":73,"column":55}},"36":{"start":{"line":74,"column":31},"end":{"line":74,"column":33}},"37":{"start":{"line":76,"column":4},"end":{"line":115,"column":5}},"38":{"start":{"line":77,"column":27},"end":{"line":77,"column":38}},"39":{"start":{"line":78,"column":27},"end":{"line":78,"column":38}},"40":{"start":{"line":79,"column":33},"end":{"line":79,"column":50}},"41":{"start":{"line":81,"column":32},"end":{"line":81,"column":106}},"42":{"start":{"line":81,"column":70},"end":{"line":81,"column":105}},"43":{"start":{"line":82,"column":35},"end":{"line":82,"column":75}},"44":{"start":{"line":84,"column":8},"end":{"line":86,"column":9}},"45":{"start":{"line":85,"column":12},"end":{"line":85,"column":21}},"46":{"start":{"line":88,"column":8},"end":{"line":114,"column":9}},"47":{"start":{"line":89,"column":23},"end":{"line":89,"column":37}},"48":{"start":{"line":90,"column":29},"end":{"line":90,"column":54}},"49":{"start":{"line":91,"column":33},"end":{"line":91,"column":57}},"50":{"start":{"line":95,"column":12},"end":{"line":100,"column":13}},"51":{"start":{"line":95,"column":56},"end":{"line":95,"column":104}},"52":{"start":{"line":96,"column":16},"end":{"line":96,"column":126}},"53":{"start":{"line":96,"column":77},"end":{"line":96,"column":124}},"54":{"start":{"line":99,"column":16},"end":{"line":99,"column":111}},"55":{"start":{"line":99,"column":77},"end":{"line":99,"column":109}},"56":{"start":{"line":101,"column":23},"end":{"line":101,"column":74}},"57":{"start":{"line":104,"column":36},"end":{"line":104,"column":104}},"58":{"start":{"line":106,"column":12},"end":{"line":106,"column":63}},"59":{"start":{"line":108,"column":12},"end":{"line":108,"column":139}},"60":{"start":{"line":110,"column":12},"end":{"line":113,"column":13}},"61":{"start":{"line":110,"column":56},"end":{"line":110,"column":104}},"62":{"start":{"line":111,"column":28},"end":{"line":111,"column":97}},"63":{"start":{"line":111,"column":65},"end":{"line":111,"column":96}},"64":{"start":{"line":112,"column":16},"end":{"line":112,"column":62}},"65":{"start":{"line":116,"column":4},"end":{"line":119,"column":6}},"66":{"start":{"line":121,"column":0},"end":{"line":121,"column":40}}},"fnMap":{"0":{"name":"(anonymous_0)","decl":{"start":{"line":2,"column":56},"end":{"line":2,"column":57}},"loc":{"start":{"line":2,"column":71},"end":{"line":4,"column":1}},"line":2},"1":{"name":"(anonymous_1)","decl":{"start":{"line":9,"column":30},"end":{"line":9,"column":31}},"loc":{"start":{"line":9,"column":48},"end":{"line":120,"column":1}},"line":9},"2":{"name":"(anonymous_2)","decl":{"start":{"line":81,"column":56},"end":{"line":81,"column":57}},"loc":{"start":{"line":81,"column":70},"end":{"line":81,"column":105}},"line":81},"3":{"name":"(anonymous_3)","decl":{"start":{"line":95,"column":38},"end":{"line":95,"column":39}},"loc":{"start":{"line":95,"column":56},"end":{"line":95,"column":104}},"line":95},"4":{"name":"(anonymous_4)","decl":{"start":{"line":96,"column":60},"end":{"line":96,"column":61}},"loc":{"start":{"line":96,"column":77},"end":{"line":96,"column":124}},"line":96},"5":{"name":"(anonymous_5)","decl":{"start":{"line":99,"column":60},"end":{"line":99,"column":61}},"loc":{"start":{"line":99,"column":77},"end":{"line":99,"column":109}},"line":99},"6":{"name":"(anonymous_6)","decl":{"start":{"line":110,"column":38},"end":{"line":110,"column":39}},"loc":{"start":{"line":110,"column":56},"end":{"line":110,"column":104}},"line":110},"7":{"name":"(anonymous_7)","decl":{"start":{"line":111,"column":57},"end":{"line":111,"column":58}},"loc":{"start":{"line":111,"column":65},"end":{"line":111,"column":96}},"line":111}},"branchMap":{"0":{"loc":{"start":{"line":2,"column":22},"end":{"line":4,"column":1}},"type":"binary-expr","locations":[{"start":{"line":2,"column":23},"end":{"line":2,"column":27}},{"start":{"line":2,"column":31},"end":{"line":2,"column":51}},{"start":{"line":2,"column":56},"end":{"line":4,"column":1}}],"line":2},"1":{"loc":{"start":{"line":3,"column":11},"end":{"line":3,"column":61}},"type":"cond-expr","locations":[{"start":{"line":3,"column":37},"end":{"line":3,"column":40}},{"start":{"line":3,"column":43},"end":{"line":3,"column":61}}],"line":3},"2":{"loc":{"start":{"line":3,"column":12},"end":{"line":3,"column":33}},"type":"binary-expr","locations":[{"start":{"line":3,"column":12},"end":{"line":3,"column":15}},{"start":{"line":3,"column":19},"end":{"line":3,"column":33}}],"line":3},"3":{"loc":{"start":{"line":17,"column":40},"end":{"line":17,"column":112}},"type":"cond-expr","locations":[{"start":{"line":17,"column":106},"end":{"line":17,"column":108}},{"start":{"line":17,"column":111},"end":{"line":17,"column":112}}],"line":17},"4":{"loc":{"start":{"line":17,"column":40},"end":{"line":17,"column":103}},"type":"binary-expr","locations":[{"start":{"line":17,"column":40},"end":{"line":17,"column":86}},{"start":{"line":17,"column":90},"end":{"line":17,"column":103}}],"line":17},"5":{"loc":{"start":{"line":33,"column":8},"end":{"line":45,"column":9}},"type":"if","locations":[{"start":{"line":33,"column":8},"end":{"line":45,"column":9}},{"start":{"line":39,"column":13},"end":{"line":45,"column":9}}],"line":33},"6":{"loc":{"start":{"line":36,"column":27},"end":{"line":36,"column":185}},"type":"cond-expr","locations":[{"start":{"line":36,"column":70},"end":{"line":36,"column":174}},{"start":{"line":36,"column":177},"end":{"line":36,"column":185}}],"line":36},"7":{"loc":{"start":{"line":36,"column":71},"end":{"line":36,"column":162}},"type":"cond-expr","locations":[{"start":{"line":36,"column":147},"end":{"line":36,"column":153}},{"start":{"line":36,"column":156},"end":{"line":36,"column":162}}],"line":36},"8":{"loc":{"start":{"line":36,"column":71},"end":{"line":36,"column":144}},"type":"binary-expr","locations":[{"start":{"line":36,"column":71},"end":{"line":36,"column":127}},{"start":{"line":36,"column":131},"end":{"line":36,"column":144}}],"line":36},"9":{"loc":{"start":{"line":39,"column":13},"end":{"line":45,"column":9}},"type":"if","locations":[{"start":{"line":39,"column":13},"end":{"line":45,"column":9}},{"start":{"line":42,"column":13},"end":{"line":45,"column":9}}],"line":39},"10":{"loc":{"start":{"line":43,"column":27},"end":{"line":43,"column":165}},"type":"cond-expr","locations":[{"start":{"line":43,"column":70},"end":{"line":43,"column":161}},{"start":{"line":43,"column":164},"end":{"line":43,"column":165}}],"line":43},"11":{"loc":{"start":{"line":43,"column":70},"end":{"line":43,"column":161}},"type":"cond-expr","locations":[{"start":{"line":43,"column":146},"end":{"line":43,"column":152}},{"start":{"line":43,"column":155},"end":{"line":43,"column":161}}],"line":43},"12":{"loc":{"start":{"line":43,"column":70},"end":{"line":43,"column":143}},"type":"binary-expr","locations":[{"start":{"line":43,"column":70},"end":{"line":43,"column":126}},{"start":{"line":43,"column":130},"end":{"line":43,"column":143}}],"line":43},"13":{"loc":{"start":{"line":82,"column":35},"end":{"line":82,"column":75}},"type":"cond-expr","locations":[{"start":{"line":82,"column":53},"end":{"line":82,"column":71}},{"start":{"line":82,"column":74},"end":{"line":82,"column":75}}],"line":82},"14":{"loc":{"start":{"line":84,"column":8},"end":{"line":86,"column":9}},"type":"if","locations":[{"start":{"line":84,"column":8},"end":{"line":86,"column":9}},{"start":{},"end":{}}],"line":84},"15":{"loc":{"start":{"line":95,"column":12},"end":{"line":100,"column":13}},"type":"if","locations":[{"start":{"line":95,"column":12},"end":{"line":100,"column":13}},{"start":{"line":98,"column":17},"end":{"line":100,"column":13}}],"line":95},"16":{"loc":{"start":{"line":101,"column":23},"end":{"line":101,"column":74}},"type":"cond-expr","locations":[{"start":{"line":101,"column":45},"end":{"line":101,"column":70}},{"start":{"line":101,"column":73},"end":{"line":101,"column":74}}],"line":101},"17":{"loc":{"start":{"line":108,"column":40},"end":{"line":108,"column":106}},"type":"cond-expr","locations":[{"start":{"line":108,"column":100},"end":{"line":108,"column":102}},{"start":{"line":108,"column":105},"end":{"line":108,"column":106}}],"line":108},"18":{"loc":{"start":{"line":108,"column":40},"end":{"line":108,"column":97}},"type":"binary-expr","locations":[{"start":{"line":108,"column":40},"end":{"line":108,"column":80}},{"start":{"line":108,"column":84},"end":{"line":108,"column":97}}],"line":108},"19":{"loc":{"start":{"line":110,"column":12},"end":{"line":113,"column":13}},"type":"if","locations":[{"start":{"line":110,"column":12},"end":{"line":113,"column":13}},{"start":{},"end":{}}],"line":110}},"s":{"0":1,"1":2,"2":1,"3":1,"4":1,"5":1,"6":1,"7":2,"8":2,"9":3,"10":3,"11":3,"12":2,"13":2,"14":8,"15":8,"16":2,"17":2,"18":2,"19":6,"20":4,"21":2,"22":2,"23":2,"24":2,"25":14,"26":14,"27":14,"28":26,"29":26,"30":14,"31":14,"32":14,"33":2,"34":2,"35":2,"36":2,"37":2,"38":14,"39":14,"40":14,"41":14,"42":13,"43":14,"44":14,"45":12,"46":2,"47":6,"48":6,"49":6,"50":6,"51":6,"52":3,"53":3,"54":3,"55":3,"56":6,"57":6,"58":6,"59":6,"60":6,"61":6,"62":3,"63":6,"64":3,"65":2,"66":1},"f":{"0":2,"1":2,"2":13,"3":6,"4":3,"5":3,"6":6,"7":6},"b":{"0":[1,1,1],"1":[2,0],"2":[2,2],"3":[0,3],"4":[3,3],"5":[2,6],"6":[1,1],"7":[0,1],"8":[1,1],"9":[4,2],"10":[1,1],"11":[0,1],"12":[1,1],"13":[2,12],"14":[12,2],"15":[3,3],"16":[4,2],"17":[3,3],"18":[6,6],"19":[3,3]},"inputSourceMap":null,"_coverageSchema":"1a1c01bbd47fc00a2c39e90264f33305004495a9","hash":"4e6c1b52ba6c8f7a91ce988d8f519120c37a1242"}
}
