TN:
SF:dist/constants/merchants.js
FN:4,(anonymous_0)
FNF:1
FNH:1
FNDA:1,(anonymous_0)
DA:2,1
DA:4,1
DA:5,1
DA:6,1
DA:7,1
DA:8,1
DA:10,1
LF:7
LH:7
BRDA:9,0,0,1
BRDA:9,0,1,1
BRF:2
BRH:2
end_of_record
TN:
SF:dist/constants/rules.js
FN:2,(anonymous_0)
FNF:1
FNH:1
FNDA:1,(anonymous_0)
DA:2,1
DA:3,1
DA:5,1
DA:6,1
DA:7,1
DA:103,1
LF:6
LH:6
BRDA:2,0,0,1
BRDA:2,0,1,1
BRDA:2,0,2,1
BRDA:3,1,0,1
BRDA:3,1,1,0
BRDA:3,2,0,1
BRDA:3,2,1,1
BRF:7
BRH:6
end_of_record
TN:
SF:dist/utils/calculateMaxRewardPoints.js
FN:2,(anonymous_0)
FN:9,(anonymous_1)
FN:81,(anonymous_2)
FN:95,(anonymous_3)
FN:96,(anonymous_4)
FN:99,(anonymous_5)
FN:110,(anonymous_6)
FN:111,(anonymous_7)
FNF:8
FNH:8
FNDA:2,(anonymous_0)
FNDA:2,(anonymous_1)
FNDA:13,(anonymous_2)
FNDA:6,(anonymous_3)
FNDA:3,(anonymous_4)
FNDA:3,(anonymous_5)
FNDA:6,(anonymous_6)
FNDA:6,(anonymous_7)
DA:2,1
DA:3,2
DA:5,1
DA:6,1
DA:7,1
DA:8,1
DA:9,1
DA:12,2
DA:14,2
DA:15,3
DA:16,3
DA:17,3
DA:30,2
DA:31,2
DA:32,8
DA:33,8
DA:34,2
DA:36,2
DA:37,2
DA:39,6
DA:40,4
DA:43,2
DA:44,2
DA:47,2
DA:48,2
DA:49,14
DA:50,14
DA:51,14
DA:52,26
DA:53,26
DA:56,14
DA:57,14
DA:58,14
DA:61,2
DA:70,2
DA:73,2
DA:74,2
DA:76,2
DA:77,14
DA:78,14
DA:79,14
DA:81,14
DA:82,14
DA:84,14
DA:85,12
DA:88,2
DA:89,6
DA:90,6
DA:91,6
DA:95,6
DA:96,3
DA:99,3
DA:101,6
DA:104,6
DA:106,6
DA:108,6
DA:110,6
DA:111,6
DA:112,3
DA:116,2
DA:121,1
LF:61
LH:61
BRDA:2,0,0,1
BRDA:2,0,1,1
BRDA:2,0,2,1
BRDA:3,1,0,2
BRDA:3,1,1,0
BRDA:3,2,0,2
BRDA:3,2,1,2
BRDA:17,3,0,0
BRDA:17,3,1,3
BRDA:17,4,0,3
BRDA:17,4,1,3
BRDA:33,5,0,2
BRDA:33,5,1,6
BRDA:36,6,0,1
BRDA:36,6,1,1
BRDA:36,7,0,0
BRDA:36,7,1,1
BRDA:36,8,0,1
BRDA:36,8,1,1
BRDA:39,9,0,4
BRDA:39,9,1,2
BRDA:43,10,0,1
BRDA:43,10,1,1
BRDA:43,11,0,0
BRDA:43,11,1,1
BRDA:43,12,0,1
BRDA:43,12,1,1
BRDA:82,13,0,2
BRDA:82,13,1,12
BRDA:84,14,0,12
BRDA:84,14,1,2
BRDA:95,15,0,3
BRDA:95,15,1,3
BRDA:101,16,0,4
BRDA:101,16,1,2
BRDA:108,17,0,3
BRDA:108,17,1,3
BRDA:108,18,0,6
BRDA:108,18,1,6
BRDA:110,19,0,3
BRDA:110,19,1,3
BRF:41
BRH:37
end_of_record
